<?xml version="1.0" encoding="UTF-8"?>
<testsuite name="com.igorsousa.exercicio_tui.ExercicioTuiApplicationTests" tests="1" skipped="0" failures="0" errors="0" timestamp="2023-11-16T13:34:45" hostname="Igors-MBP" time="0.851">
  <properties/>
  <testcase name="contextLoads()" classname="com.igorsousa.exercicio_tui.ExercicioTuiApplicationTests" time="0.851"/>
  <system-out><![CDATA[13:34:43.695 [Test worker] INFO org.springframework.test.context.support.AnnotationConfigContextLoaderUtils -- Could not detect default configuration classes for test class [com.igorsousa.exercicio_tui.ExercicioTuiApplicationTests]: ExercicioTuiApplicationTests does not declare any static, non-private, non-final, nested classes annotated with @Configuration.
13:34:43.791 [Test worker] INFO org.springframework.boot.test.context.SpringBootTestContextBootstrapper -- Found @SpringBootConfiguration com.igorsousa.exercicio_tui.ExercicioTuiApplication for test class com.igorsousa.exercicio_tui.ExercicioTuiApplicationTests

  .   ____          _            __ _ _
 /\\ / ___'_ __ _ _(_)_ __  __ _ \ \ \ \
( ( )\___ | '_ | '_| | '_ \/ _` | \ \ \ \
 \\/  ___)| |_)| | | | | || (_| |  ) ) ) )
  '  |____| .__|_| |_|_| |_\__, | / / / /
 =========|_|==============|___/=/_/_/_/
 :: Spring Boot ::                (v3.1.5)

2023-11-16T13:34:44.132Z  INFO 9747 --- [    Test worker] c.i.e.ExercicioTuiApplicationTests       : Starting ExercicioTuiApplicationTests using Java 20.0.2.1 with PID 9747 (started by igor in /Users/igor/repos/exercicio_api_tui)
2023-11-16T13:34:44.134Z  INFO 9747 --- [    Test worker] c.i.e.ExercicioTuiApplicationTests       : No active profile set, falling back to 1 default profile: "default"
2023-11-16T13:34:45.080Z  INFO 9747 --- [    Test worker] c.i.e.ExercicioTuiApplicationTests       : Started ExercicioTuiApplicationTests in 1.149 seconds (process running for 2.297)
]]></system-out>
  <system-err><![CDATA[]]></system-err>
</testsuite>
